2025/06/24 16:24:30 [notice] 1#1: using the "epoll" event method
2025/06/24 16:24:30 [notice] 1#1: nginx/1.27.5
2025/06/24 16:24:30 [notice] 1#1: built by gcc 12.2.0 (Debian 12.2.0-14) 
2025/06/24 16:24:30 [notice] 1#1: OS: Linux 6.1.0-37-amd64
2025/06/24 16:24:30 [notice] 1#1: getrlimit(RLIMIT_NOFILE): 1048576:1048576
2025/06/24 16:24:30 [notice] 1#1: start worker processes
2025/06/24 16:24:30 [notice] 1#1: start worker process 29
2025/06/24 16:24:30 [notice] 1#1: start worker process 30
2025/06/24 16:24:30 [notice] 1#1: start worker process 31
2025/06/24 16:24:30 [notice] 1#1: start worker process 32
2025/06/24 16:24:30 [notice] 1#1: start worker process 33
2025/06/24 16:24:30 [notice] 1#1: start worker process 34
2025/06/24 16:24:30 [notice] 1#1: start worker process 35
2025/06/24 16:24:30 [notice] 1#1: start worker process 36
2025/06/24 16:24:45 [notice] 1#1: signal 3 (SIGQUIT) received, shutting down
2025/06/24 16:24:45 [notice] 29#29: gracefully shutting down
2025/06/24 16:24:45 [notice] 29#29: exiting
2025/06/24 16:24:45 [notice] 30#30: gracefully shutting down
2025/06/24 16:24:45 [notice] 31#31: gracefully shutting down
2025/06/24 16:24:45 [notice] 30#30: exiting
2025/06/24 16:24:45 [notice] 31#31: exiting
2025/06/24 16:24:45 [notice] 33#33: gracefully shutting down
2025/06/24 16:24:45 [notice] 32#32: gracefully shutting down
2025/06/24 16:24:45 [notice] 36#36: gracefully shutting down
2025/06/24 16:24:45 [notice] 29#29: exit
2025/06/24 16:24:45 [notice] 33#33: exiting
2025/06/24 16:24:45 [notice] 32#32: exiting
2025/06/24 16:24:45 [notice] 36#36: exiting
2025/06/24 16:24:45 [notice] 31#31: exit
2025/06/24 16:24:45 [notice] 30#30: exit
2025/06/24 16:24:45 [notice] 32#32: exit
2025/06/24 16:24:45 [notice] 33#33: exit
2025/06/24 16:24:45 [notice] 36#36: exit
2025/06/24 16:24:45 [notice] 34#34: gracefully shutting down
2025/06/24 16:24:45 [notice] 34#34: exiting
2025/06/24 16:24:45 [notice] 34#34: exit
2025/06/24 16:24:45 [notice] 35#35: gracefully shutting down
2025/06/24 16:24:45 [notice] 35#35: exiting
2025/06/24 16:24:45 [notice] 35#35: exit
2025/06/24 16:24:45 [notice] 1#1: signal 17 (SIGCHLD) received from 32
2025/06/24 16:24:45 [notice] 1#1: worker process 32 exited with code 0
2025/06/24 16:24:45 [notice] 1#1: signal 29 (SIGIO) received
2025/06/24 16:24:45 [notice] 1#1: signal 17 (SIGCHLD) received from 29
2025/06/24 16:24:45 [notice] 1#1: worker process 29 exited with code 0
2025/06/24 16:24:45 [notice] 1#1: signal 29 (SIGIO) received
2025/06/24 16:24:45 [notice] 1#1: signal 17 (SIGCHLD) received from 33
2025/06/24 16:24:45 [notice] 1#1: worker process 33 exited with code 0
2025/06/24 16:24:45 [notice] 1#1: worker process 34 exited with code 0
2025/06/24 16:24:45 [notice] 1#1: worker process 30 exited with code 0
2025/06/24 16:24:45 [notice] 1#1: worker process 36 exited with code 0
2025/06/24 16:24:45 [notice] 1#1: worker process 35 exited with code 0
2025/06/24 16:24:45 [notice] 1#1: signal 29 (SIGIO) received
2025/06/24 16:24:45 [notice] 1#1: signal 17 (SIGCHLD) received from 34
2025/06/24 16:24:45 [notice] 1#1: signal 17 (SIGCHLD) received from 31
2025/06/24 16:24:45 [notice] 1#1: worker process 31 exited with code 0
2025/06/24 16:24:45 [notice] 1#1: exit
2025/06/24 18:26:07 [notice] 1#1: using the "epoll" event method
2025/06/24 18:26:07 [notice] 1#1: nginx/1.27.5
2025/06/24 18:26:07 [notice] 1#1: built by gcc 12.2.0 (Debian 12.2.0-14) 
2025/06/24 18:26:07 [notice] 1#1: OS: Linux 6.1.0-37-amd64
2025/06/24 18:26:07 [notice] 1#1: getrlimit(RLIMIT_NOFILE): 1048576:1048576
2025/06/24 18:26:07 [notice] 1#1: start worker processes
2025/06/24 18:26:07 [notice] 1#1: start worker process 29
2025/06/24 18:26:07 [notice] 1#1: start worker process 30
2025/06/24 18:26:07 [notice] 1#1: start worker process 31
2025/06/24 18:26:07 [notice] 1#1: start worker process 32
2025/06/24 18:26:07 [notice] 1#1: start worker process 33
2025/06/24 18:26:07 [notice] 1#1: start worker process 34
2025/06/24 18:26:07 [notice] 1#1: start worker process 35
2025/06/24 18:26:07 [notice] 1#1: start worker process 36
2025/06/25 09:11:25 [notice] 1#1: signal 3 (SIGQUIT) received, shutting down
2025/06/25 09:11:25 [notice] 29#29: gracefully shutting down
2025/06/25 09:11:25 [notice] 30#30: gracefully shutting down
2025/06/25 09:11:25 [notice] 32#32: gracefully shutting down
2025/06/25 09:11:25 [notice] 35#35: gracefully shutting down
2025/06/25 09:11:25 [notice] 36#36: gracefully shutting down
2025/06/25 09:11:25 [notice] 30#30: exiting
2025/06/25 09:11:25 [notice] 33#33: gracefully shutting down
2025/06/25 09:11:25 [notice] 29#29: exiting
2025/06/25 09:11:25 [notice] 32#32: exiting
2025/06/25 09:11:25 [notice] 35#35: exiting
2025/06/25 09:11:25 [notice] 36#36: exiting
2025/06/25 09:11:25 [notice] 31#31: gracefully shutting down
2025/06/25 09:11:25 [notice] 33#33: exiting
2025/06/25 09:11:25 [notice] 35#35: exit
2025/06/25 09:11:25 [notice] 30#30: exit
2025/06/25 09:11:25 [notice] 32#32: exit
2025/06/25 09:11:25 [notice] 29#29: exit
2025/06/25 09:11:25 [notice] 36#36: exit
2025/06/25 09:11:25 [notice] 33#33: exit
2025/06/25 09:11:25 [notice] 31#31: exiting
2025/06/25 09:11:25 [notice] 31#31: exit
2025/06/25 09:11:25 [notice] 34#34: gracefully shutting down
2025/06/25 09:11:25 [notice] 34#34: exiting
2025/06/25 09:11:25 [notice] 34#34: exit
2025/06/25 09:11:25 [notice] 1#1: signal 17 (SIGCHLD) received from 31
2025/06/25 09:11:25 [notice] 1#1: worker process 29 exited with code 0
2025/06/25 09:11:25 [notice] 1#1: worker process 31 exited with code 0
2025/06/25 09:11:25 [notice] 1#1: signal 29 (SIGIO) received
2025/06/25 09:11:25 [notice] 1#1: signal 17 (SIGCHLD) received from 29
2025/06/25 09:11:25 [notice] 1#1: signal 17 (SIGCHLD) received from 32
2025/06/25 09:11:25 [notice] 1#1: worker process 30 exited with code 0
2025/06/25 09:11:25 [notice] 1#1: worker process 32 exited with code 0
2025/06/25 09:11:25 [notice] 1#1: worker process 34 exited with code 0
2025/06/25 09:11:25 [notice] 1#1: worker process 36 exited with code 0
2025/06/25 09:11:25 [notice] 1#1: signal 29 (SIGIO) received
2025/06/25 09:11:25 [notice] 1#1: signal 17 (SIGCHLD) received from 36
2025/06/25 09:11:25 [notice] 1#1: worker process 33 exited with code 0
2025/06/25 09:11:25 [notice] 1#1: signal 29 (SIGIO) received
2025/06/25 09:11:25 [notice] 1#1: signal 17 (SIGCHLD) received from 35
2025/06/25 09:11:25 [notice] 1#1: worker process 35 exited with code 0
2025/06/25 09:11:25 [notice] 1#1: exit
2025/06/25 09:18:28 [notice] 1#1: using the "epoll" event method
2025/06/25 09:18:28 [notice] 1#1: nginx/1.27.5
2025/06/25 09:18:28 [notice] 1#1: built by gcc 12.2.0 (Debian 12.2.0-14) 
2025/06/25 09:18:28 [notice] 1#1: OS: Linux 6.1.0-37-amd64
2025/06/25 09:18:28 [notice] 1#1: getrlimit(RLIMIT_NOFILE): 1048576:1048576
2025/06/25 09:18:28 [notice] 1#1: start worker processes
2025/06/25 09:18:28 [notice] 1#1: start worker process 29
2025/06/25 09:18:28 [notice] 1#1: start worker process 30
2025/06/25 09:18:28 [notice] 1#1: start worker process 31
2025/06/25 09:18:28 [notice] 1#1: start worker process 32
2025/06/25 09:18:28 [notice] 1#1: start worker process 33
2025/06/25 09:18:28 [notice] 1#1: start worker process 34
2025/06/25 09:18:28 [notice] 1#1: start worker process 35
2025/06/25 09:18:28 [notice] 1#1: start worker process 36
2025/06/25 09:51:53 [notice] 1#1: signal 3 (SIGQUIT) received, shutting down
2025/06/25 09:51:53 [notice] 29#29: gracefully shutting down
2025/06/25 09:51:53 [notice] 29#29: exiting
2025/06/25 09:51:53 [notice] 33#33: gracefully shutting down
2025/06/25 09:51:53 [notice] 35#35: gracefully shutting down
2025/06/25 09:51:53 [notice] 33#33: exiting
2025/06/25 09:51:53 [notice] 30#30: gracefully shutting down
2025/06/25 09:51:53 [notice] 36#36: gracefully shutting down
2025/06/25 09:51:53 [notice] 35#35: exiting
2025/06/25 09:51:53 [notice] 34#34: gracefully shutting down
2025/06/25 09:51:53 [notice] 30#30: exiting
2025/06/25 09:51:53 [notice] 29#29: exit
2025/06/25 09:51:53 [notice] 35#35: exit
2025/06/25 09:51:53 [notice] 33#33: exit
2025/06/25 09:51:53 [notice] 36#36: exiting
2025/06/25 09:51:53 [notice] 34#34: exiting
2025/06/25 09:51:53 [notice] 30#30: exit
2025/06/25 09:51:53 [notice] 36#36: exit
2025/06/25 09:51:53 [notice] 34#34: exit
2025/06/25 09:51:53 [notice] 31#31: gracefully shutting down
2025/06/25 09:51:53 [notice] 31#31: exiting
2025/06/25 09:51:53 [notice] 31#31: exit
2025/06/25 09:51:53 [notice] 32#32: gracefully shutting down
2025/06/25 09:51:53 [notice] 32#32: exiting
2025/06/25 09:51:53 [notice] 32#32: exit
2025/06/25 09:51:53 [notice] 1#1: signal 17 (SIGCHLD) received from 30
2025/06/25 09:51:53 [notice] 1#1: worker process 30 exited with code 0
2025/06/25 09:51:53 [notice] 1#1: worker process 31 exited with code 0
2025/06/25 09:51:53 [notice] 1#1: worker process 34 exited with code 0
2025/06/25 09:51:53 [notice] 1#1: signal 29 (SIGIO) received
2025/06/25 09:51:53 [notice] 1#1: signal 17 (SIGCHLD) received from 31
2025/06/25 09:51:53 [notice] 1#1: signal 17 (SIGCHLD) received from 29
2025/06/25 09:51:53 [notice] 1#1: worker process 29 exited with code 0
2025/06/25 09:51:53 [notice] 1#1: signal 29 (SIGIO) received
2025/06/25 09:51:53 [notice] 1#1: signal 17 (SIGCHLD) received from 35
2025/06/25 09:51:53 [notice] 1#1: worker process 35 exited with code 0
2025/06/25 09:51:53 [notice] 1#1: worker process 36 exited with code 0
2025/06/25 09:51:53 [notice] 1#1: signal 29 (SIGIO) received
2025/06/25 09:51:53 [notice] 1#1: signal 17 (SIGCHLD) received from 32
2025/06/25 09:51:53 [notice] 1#1: worker process 32 exited with code 0
2025/06/25 09:51:53 [notice] 1#1: worker process 33 exited with code 0
2025/06/25 09:51:53 [notice] 1#1: exit
2025/06/25 09:52:06 [notice] 1#1: using the "epoll" event method
2025/06/25 09:52:06 [notice] 1#1: nginx/1.27.5
2025/06/25 09:52:06 [notice] 1#1: built by gcc 12.2.0 (Debian 12.2.0-14) 
2025/06/25 09:52:06 [notice] 1#1: OS: Linux 6.1.0-37-amd64
2025/06/25 09:52:06 [notice] 1#1: getrlimit(RLIMIT_NOFILE): 1048576:1048576
2025/06/25 09:52:06 [notice] 1#1: start worker processes
2025/06/25 09:52:06 [notice] 1#1: start worker process 29
2025/06/25 09:52:06 [notice] 1#1: start worker process 30
2025/06/25 09:52:06 [notice] 1#1: start worker process 31
2025/06/25 09:52:06 [notice] 1#1: start worker process 32
2025/06/25 09:52:06 [notice] 1#1: start worker process 33
2025/06/25 09:52:06 [notice] 1#1: start worker process 34
2025/06/25 09:52:06 [notice] 1#1: start worker process 35
2025/06/25 09:52:06 [notice] 1#1: start worker process 36
2025/06/25 10:34:12 [notice] 1#1: signal 3 (SIGQUIT) received, shutting down
2025/06/25 10:34:12 [notice] 29#29: gracefully shutting down
2025/06/25 10:34:12 [notice] 31#31: gracefully shutting down
2025/06/25 10:34:12 [notice] 29#29: exiting
2025/06/25 10:34:12 [notice] 31#31: exiting
2025/06/25 10:34:12 [notice] 32#32: gracefully shutting down
2025/06/25 10:34:12 [notice] 34#34: gracefully shutting down
2025/06/25 10:34:12 [notice] 32#32: exiting
2025/06/25 10:34:12 [notice] 35#35: gracefully shutting down
2025/06/25 10:34:12 [notice] 31#31: exit
2025/06/25 10:34:12 [notice] 32#32: exit
2025/06/25 10:34:12 [notice] 29#29: exit
2025/06/25 10:34:12 [notice] 34#34: exiting
2025/06/25 10:34:12 [notice] 35#35: exiting
2025/06/25 10:34:12 [notice] 34#34: exit
2025/06/25 10:34:12 [notice] 35#35: exit
2025/06/25 10:34:12 [notice] 36#36: gracefully shutting down
2025/06/25 10:34:12 [notice] 36#36: exiting
2025/06/25 10:34:12 [notice] 36#36: exit
2025/06/25 10:34:12 [notice] 30#30: gracefully shutting down
2025/06/25 10:34:12 [notice] 33#33: gracefully shutting down
2025/06/25 10:34:12 [notice] 30#30: exiting
2025/06/25 10:34:12 [notice] 30#30: exit
2025/06/25 10:34:12 [notice] 33#33: exiting
2025/06/25 10:34:12 [notice] 33#33: exit
2025/06/25 10:34:12 [notice] 1#1: signal 17 (SIGCHLD) received from 30
2025/06/25 10:34:12 [notice] 1#1: worker process 30 exited with code 0
2025/06/25 10:34:12 [notice] 1#1: worker process 36 exited with code 0
2025/06/25 10:34:12 [notice] 1#1: signal 29 (SIGIO) received
2025/06/25 10:34:12 [notice] 1#1: signal 17 (SIGCHLD) received from 36
2025/06/25 10:34:12 [notice] 1#1: signal 17 (SIGCHLD) received from 33
2025/06/25 10:34:12 [notice] 1#1: worker process 29 exited with code 0
2025/06/25 10:34:12 [notice] 1#1: worker process 31 exited with code 0
2025/06/25 10:34:12 [notice] 1#1: worker process 32 exited with code 0
2025/06/25 10:34:12 [notice] 1#1: worker process 33 exited with code 0
2025/06/25 10:34:12 [notice] 1#1: worker process 34 exited with code 0
2025/06/25 10:34:12 [notice] 1#1: signal 29 (SIGIO) received
2025/06/25 10:34:12 [notice] 1#1: signal 17 (SIGCHLD) received from 32
2025/06/25 10:34:12 [notice] 1#1: worker process 35 exited with code 0
2025/06/25 10:34:12 [notice] 1#1: exit
2025/06/25 10:34:36 [notice] 1#1: using the "epoll" event method
2025/06/25 10:34:36 [notice] 1#1: nginx/1.27.5
2025/06/25 10:34:36 [notice] 1#1: built by gcc 12.2.0 (Debian 12.2.0-14) 
2025/06/25 10:34:36 [notice] 1#1: OS: Linux 6.1.0-37-amd64
2025/06/25 10:34:36 [notice] 1#1: getrlimit(RLIMIT_NOFILE): 1048576:1048576
2025/06/25 10:34:36 [notice] 1#1: start worker processes
2025/06/25 10:34:36 [notice] 1#1: start worker process 29
2025/06/25 10:34:36 [notice] 1#1: start worker process 30
2025/06/25 10:34:36 [notice] 1#1: start worker process 31
2025/06/25 10:34:36 [notice] 1#1: start worker process 32
2025/06/25 10:34:36 [notice] 1#1: start worker process 33
2025/06/25 10:34:36 [notice] 1#1: start worker process 34
2025/06/25 10:34:36 [notice] 1#1: start worker process 35
2025/06/25 10:34:36 [notice] 1#1: start worker process 36
2025/06/25 10:39:08 [notice] 1#1: signal 3 (SIGQUIT) received, shutting down
2025/06/25 10:39:08 [notice] 30#30: gracefully shutting down
2025/06/25 10:39:08 [notice] 33#33: gracefully shutting down
2025/06/25 10:39:08 [notice] 29#29: gracefully shutting down
2025/06/25 10:39:08 [notice] 36#36: gracefully shutting down
2025/06/25 10:39:08 [notice] 30#30: exiting
2025/06/25 10:39:08 [notice] 33#33: exiting
2025/06/25 10:39:08 [notice] 29#29: exiting
2025/06/25 10:39:08 [notice] 36#36: exiting
2025/06/25 10:39:08 [notice] 30#30: exit
2025/06/25 10:39:08 [notice] 29#29: exit
2025/06/25 10:39:08 [notice] 33#33: exit
2025/06/25 10:39:08 [notice] 36#36: exit
2025/06/25 10:39:08 [notice] 31#31: gracefully shutting down
2025/06/25 10:39:08 [notice] 32#32: gracefully shutting down
2025/06/25 10:39:08 [notice] 31#31: exiting
2025/06/25 10:39:08 [notice] 32#32: exiting
2025/06/25 10:39:08 [notice] 31#31: exit
2025/06/25 10:39:08 [notice] 32#32: exit
2025/06/25 10:39:08 [notice] 34#34: gracefully shutting down
2025/06/25 10:39:08 [notice] 34#34: exiting
2025/06/25 10:39:08 [notice] 34#34: exit
2025/06/25 10:39:08 [notice] 35#35: gracefully shutting down
2025/06/25 10:39:08 [notice] 35#35: exiting
2025/06/25 10:39:08 [notice] 35#35: exit
2025/06/25 10:39:08 [notice] 1#1: signal 17 (SIGCHLD) received from 29
2025/06/25 10:39:08 [notice] 1#1: worker process 29 exited with code 0
2025/06/25 10:39:08 [notice] 1#1: worker process 35 exited with code 0
2025/06/25 10:39:08 [notice] 1#1: worker process 36 exited with code 0
2025/06/25 10:39:08 [notice] 1#1: signal 29 (SIGIO) received
2025/06/25 10:39:08 [notice] 1#1: signal 17 (SIGCHLD) received from 33
2025/06/25 10:39:08 [notice] 1#1: worker process 32 exited with code 0
2025/06/25 10:39:08 [notice] 1#1: worker process 33 exited with code 0
2025/06/25 10:39:08 [notice] 1#1: signal 29 (SIGIO) received
2025/06/25 10:39:08 [notice] 1#1: signal 17 (SIGCHLD) received from 34
2025/06/25 10:39:08 [notice] 1#1: worker process 30 exited with code 0
2025/06/25 10:39:08 [notice] 1#1: worker process 34 exited with code 0
2025/06/25 10:39:08 [notice] 1#1: signal 29 (SIGIO) received
2025/06/25 10:39:08 [notice] 1#1: signal 17 (SIGCHLD) received from 31
2025/06/25 10:39:08 [notice] 1#1: worker process 31 exited with code 0
2025/06/25 10:39:08 [notice] 1#1: exit
2025/06/25 10:40:33 [notice] 1#1: using the "epoll" event method
2025/06/25 10:40:33 [notice] 1#1: nginx/1.27.5
2025/06/25 10:40:33 [notice] 1#1: built by gcc 12.2.0 (Debian 12.2.0-14) 
2025/06/25 10:40:33 [notice] 1#1: OS: Linux 6.1.0-37-amd64
2025/06/25 10:40:33 [notice] 1#1: getrlimit(RLIMIT_NOFILE): 1048576:1048576
2025/06/25 10:40:33 [notice] 1#1: start worker processes
2025/06/25 10:40:33 [notice] 1#1: start worker process 29
2025/06/25 10:40:33 [notice] 1#1: start worker process 30
2025/06/25 10:40:33 [notice] 1#1: start worker process 31
2025/06/25 10:40:33 [notice] 1#1: start worker process 32
2025/06/25 10:40:33 [notice] 1#1: start worker process 33
2025/06/25 10:40:33 [notice] 1#1: start worker process 34
2025/06/25 10:40:33 [notice] 1#1: start worker process 35
2025/06/25 10:40:33 [notice] 1#1: start worker process 36
2025/06/25 10:40:37 [notice] 1#1: signal 3 (SIGQUIT) received, shutting down
2025/06/25 10:40:37 [notice] 30#30: gracefully shutting down
2025/06/25 10:40:37 [notice] 31#31: gracefully shutting down
2025/06/25 10:40:37 [notice] 29#29: gracefully shutting down
2025/06/25 10:40:37 [notice] 30#30: exiting
2025/06/25 10:40:37 [notice] 31#31: exiting
2025/06/25 10:40:37 [notice] 29#29: exiting
2025/06/25 10:40:37 [notice] 30#30: exit
2025/06/25 10:40:37 [notice] 29#29: exit
2025/06/25 10:40:37 [notice] 31#31: exit
2025/06/25 10:40:37 [notice] 36#36: gracefully shutting down
2025/06/25 10:40:37 [notice] 36#36: exiting
2025/06/25 10:40:37 [notice] 36#36: exit
2025/06/25 10:40:37 [notice] 32#32: gracefully shutting down
2025/06/25 10:40:37 [notice] 32#32: exiting
2025/06/25 10:40:37 [notice] 32#32: exit
2025/06/25 10:40:37 [notice] 33#33: gracefully shutting down
2025/06/25 10:40:37 [notice] 33#33: exiting
2025/06/25 10:40:37 [notice] 33#33: exit
2025/06/25 10:40:37 [notice] 34#34: gracefully shutting down
2025/06/25 10:40:37 [notice] 34#34: exiting
2025/06/25 10:40:37 [notice] 34#34: exit
2025/06/25 10:40:37 [notice] 35#35: gracefully shutting down
2025/06/25 10:40:37 [notice] 35#35: exiting
2025/06/25 10:40:37 [notice] 35#35: exit
2025/06/25 10:40:37 [notice] 1#1: signal 17 (SIGCHLD) received from 31
2025/06/25 10:40:37 [notice] 1#1: worker process 31 exited with code 0
2025/06/25 10:40:37 [notice] 1#1: worker process 33 exited with code 0
2025/06/25 10:40:37 [notice] 1#1: signal 29 (SIGIO) received
2025/06/25 10:40:37 [notice] 1#1: signal 17 (SIGCHLD) received from 33
2025/06/25 10:40:37 [notice] 1#1: worker process 36 exited with code 0
2025/06/25 10:40:37 [notice] 1#1: signal 29 (SIGIO) received
2025/06/25 10:40:37 [notice] 1#1: signal 17 (SIGCHLD) received from 30
2025/06/25 10:40:37 [notice] 1#1: worker process 30 exited with code 0
2025/06/25 10:40:37 [notice] 1#1: signal 29 (SIGIO) received
2025/06/25 10:40:37 [notice] 1#1: signal 17 (SIGCHLD) received from 32
2025/06/25 10:40:37 [notice] 1#1: worker process 32 exited with code 0
2025/06/25 10:40:37 [notice] 1#1: worker process 29 exited with code 0
2025/06/25 10:40:37 [notice] 1#1: worker process 34 exited with code 0
2025/06/25 10:40:37 [notice] 1#1: signal 29 (SIGIO) received
2025/06/25 10:40:37 [notice] 1#1: signal 17 (SIGCHLD) received from 34
2025/06/25 10:40:37 [notice] 1#1: signal 17 (SIGCHLD) received from 35
2025/06/25 10:40:37 [notice] 1#1: worker process 35 exited with code 0
2025/06/25 10:40:37 [notice] 1#1: exit
2025/06/25 10:40:55 [notice] 1#1: using the "epoll" event method
2025/06/25 10:40:55 [notice] 1#1: nginx/1.27.5
2025/06/25 10:40:55 [notice] 1#1: built by gcc 12.2.0 (Debian 12.2.0-14) 
2025/06/25 10:40:55 [notice] 1#1: OS: Linux 6.1.0-37-amd64
2025/06/25 10:40:55 [notice] 1#1: getrlimit(RLIMIT_NOFILE): 1048576:1048576
2025/06/25 10:40:55 [notice] 1#1: start worker processes
2025/06/25 10:40:55 [notice] 1#1: start worker process 29
2025/06/25 10:40:55 [notice] 1#1: start worker process 30
2025/06/25 10:40:55 [notice] 1#1: start worker process 31
2025/06/25 10:40:55 [notice] 1#1: start worker process 32
2025/06/25 10:40:55 [notice] 1#1: start worker process 33
2025/06/25 10:40:55 [notice] 1#1: start worker process 34
2025/06/25 10:40:55 [notice] 1#1: start worker process 35
2025/06/25 10:40:55 [notice] 1#1: start worker process 36
2025/06/25 10:41:00 [notice] 1#1: signal 3 (SIGQUIT) received, shutting down
2025/06/25 10:41:00 [notice] 29#29: gracefully shutting down
2025/06/25 10:41:00 [notice] 30#30: gracefully shutting down
2025/06/25 10:41:00 [notice] 29#29: exiting
2025/06/25 10:41:00 [notice] 30#30: exiting
2025/06/25 10:41:00 [notice] 32#32: gracefully shutting down
2025/06/25 10:41:00 [notice] 32#32: exiting
2025/06/25 10:41:00 [notice] 29#29: exit
2025/06/25 10:41:00 [notice] 30#30: exit
2025/06/25 10:41:00 [notice] 32#32: exit
2025/06/25 10:41:00 [notice] 33#33: gracefully shutting down
2025/06/25 10:41:00 [notice] 33#33: exiting
2025/06/25 10:41:00 [notice] 33#33: exit
2025/06/25 10:41:00 [notice] 36#36: gracefully shutting down
2025/06/25 10:41:00 [notice] 36#36: exiting
2025/06/25 10:41:00 [notice] 36#36: exit
2025/06/25 10:41:00 [notice] 31#31: gracefully shutting down
2025/06/25 10:41:00 [notice] 31#31: exiting
2025/06/25 10:41:00 [notice] 31#31: exit
2025/06/25 10:41:00 [notice] 34#34: gracefully shutting down
2025/06/25 10:41:00 [notice] 34#34: exiting
2025/06/25 10:41:00 [notice] 34#34: exit
2025/06/25 10:41:00 [notice] 35#35: gracefully shutting down
2025/06/25 10:41:00 [notice] 35#35: exiting
2025/06/25 10:41:00 [notice] 35#35: exit
2025/06/25 10:41:00 [notice] 1#1: signal 17 (SIGCHLD) received from 29
2025/06/25 10:41:00 [notice] 1#1: worker process 29 exited with code 0
2025/06/25 10:41:00 [notice] 1#1: signal 29 (SIGIO) received
2025/06/25 10:41:00 [notice] 1#1: signal 17 (SIGCHLD) received from 33
2025/06/25 10:41:00 [notice] 1#1: worker process 32 exited with code 0
2025/06/25 10:41:00 [notice] 1#1: worker process 33 exited with code 0
2025/06/25 10:41:00 [notice] 1#1: worker process 36 exited with code 0
2025/06/25 10:41:00 [notice] 1#1: signal 29 (SIGIO) received
2025/06/25 10:41:00 [notice] 1#1: signal 17 (SIGCHLD) received from 36
2025/06/25 10:41:00 [notice] 1#1: worker process 31 exited with code 0
2025/06/25 10:41:00 [notice] 1#1: signal 29 (SIGIO) received
2025/06/25 10:41:00 [notice] 1#1: signal 17 (SIGCHLD) received from 31
2025/06/25 10:41:00 [notice] 1#1: signal 17 (SIGCHLD) received from 35
2025/06/25 10:41:00 [notice] 1#1: worker process 35 exited with code 0
2025/06/25 10:41:00 [notice] 1#1: worker process 34 exited with code 0
2025/06/25 10:41:00 [notice] 1#1: signal 29 (SIGIO) received
2025/06/25 10:41:00 [notice] 1#1: signal 17 (SIGCHLD) received from 34
2025/06/25 10:41:00 [notice] 1#1: signal 17 (SIGCHLD) received from 30
2025/06/25 10:41:00 [notice] 1#1: worker process 30 exited with code 0
2025/06/25 10:41:00 [notice] 1#1: exit
2025/06/25 10:41:03 [notice] 1#1: using the "epoll" event method
2025/06/25 10:41:03 [notice] 1#1: nginx/1.27.5
2025/06/25 10:41:03 [notice] 1#1: built by gcc 12.2.0 (Debian 12.2.0-14) 
2025/06/25 10:41:03 [notice] 1#1: OS: Linux 6.1.0-37-amd64
2025/06/25 10:41:03 [notice] 1#1: getrlimit(RLIMIT_NOFILE): 1048576:1048576
2025/06/25 10:41:03 [notice] 1#1: start worker processes
2025/06/25 10:41:03 [notice] 1#1: start worker process 29
2025/06/25 10:41:03 [notice] 1#1: start worker process 30
2025/06/25 10:41:03 [notice] 1#1: start worker process 31
2025/06/25 10:41:03 [notice] 1#1: start worker process 32
2025/06/25 10:41:03 [notice] 1#1: start worker process 33
2025/06/25 10:41:03 [notice] 1#1: start worker process 34
2025/06/25 10:41:03 [notice] 1#1: start worker process 35
2025/06/25 10:41:03 [notice] 1#1: start worker process 36
2025/06/25 10:41:32 [notice] 1#1: signal 3 (SIGQUIT) received, shutting down
2025/06/25 10:41:32 [notice] 31#31: gracefully shutting down
2025/06/25 10:41:32 [notice] 31#31: exiting
2025/06/25 10:41:32 [notice] 31#31: exit
2025/06/25 10:41:32 [notice] 32#32: gracefully shutting down
2025/06/25 10:41:32 [notice] 32#32: exiting
2025/06/25 10:41:32 [notice] 32#32: exit
2025/06/25 10:41:32 [notice] 33#33: gracefully shutting down
2025/06/25 10:41:32 [notice] 34#34: gracefully shutting down
2025/06/25 10:41:32 [notice] 29#29: gracefully shutting down
2025/06/25 10:41:32 [notice] 33#33: exiting
2025/06/25 10:41:32 [notice] 34#34: exiting
2025/06/25 10:41:32 [notice] 29#29: exiting
2025/06/25 10:41:32 [notice] 34#34: exit
2025/06/25 10:41:32 [notice] 33#33: exit
2025/06/25 10:41:32 [notice] 29#29: exit
2025/06/25 10:41:32 [notice] 30#30: gracefully shutting down
2025/06/25 10:41:32 [notice] 30#30: exiting
2025/06/25 10:41:32 [notice] 30#30: exit
2025/06/25 10:41:32 [notice] 35#35: gracefully shutting down
2025/06/25 10:41:32 [notice] 35#35: exiting
2025/06/25 10:41:32 [notice] 35#35: exit
2025/06/25 10:41:32 [notice] 36#36: gracefully shutting down
2025/06/25 10:41:32 [notice] 36#36: exiting
2025/06/25 10:41:32 [notice] 36#36: exit
2025/06/25 10:41:32 [notice] 1#1: signal 17 (SIGCHLD) received from 33
2025/06/25 10:41:32 [notice] 1#1: worker process 33 exited with code 0
2025/06/25 10:41:32 [notice] 1#1: signal 29 (SIGIO) received
2025/06/25 10:41:32 [notice] 1#1: signal 17 (SIGCHLD) received from 32
2025/06/25 10:41:32 [notice] 1#1: worker process 32 exited with code 0
2025/06/25 10:41:32 [notice] 1#1: signal 29 (SIGIO) received
2025/06/25 10:41:32 [notice] 1#1: signal 17 (SIGCHLD) received from 31
2025/06/25 10:41:32 [notice] 1#1: worker process 31 exited with code 0
2025/06/25 10:41:32 [notice] 1#1: signal 29 (SIGIO) received
2025/06/25 10:41:32 [notice] 1#1: signal 17 (SIGCHLD) received from 34
2025/06/25 10:41:32 [notice] 1#1: worker process 29 exited with code 0
2025/06/25 10:41:32 [notice] 1#1: worker process 34 exited with code 0
2025/06/25 10:41:32 [notice] 1#1: signal 29 (SIGIO) received
2025/06/25 10:41:32 [notice] 1#1: signal 17 (SIGCHLD) received from 30
2025/06/25 10:41:32 [notice] 1#1: worker process 30 exited with code 0
2025/06/25 10:41:32 [notice] 1#1: signal 29 (SIGIO) received
2025/06/25 10:41:32 [notice] 1#1: signal 17 (SIGCHLD) received from 36
2025/06/25 10:41:32 [notice] 1#1: worker process 36 exited with code 0
2025/06/25 10:41:32 [notice] 1#1: signal 29 (SIGIO) received
2025/06/25 10:41:32 [notice] 1#1: signal 17 (SIGCHLD) received from 35
2025/06/25 10:41:32 [notice] 1#1: worker process 35 exited with code 0
2025/06/25 10:41:32 [notice] 1#1: exit
2025/06/25 10:41:48 [notice] 1#1: using the "epoll" event method
2025/06/25 10:41:48 [notice] 1#1: nginx/1.27.5
2025/06/25 10:41:48 [notice] 1#1: built by gcc 12.2.0 (Debian 12.2.0-14) 
2025/06/25 10:41:48 [notice] 1#1: OS: Linux 6.1.0-37-amd64
2025/06/25 10:41:48 [notice] 1#1: getrlimit(RLIMIT_NOFILE): 1048576:1048576
2025/06/25 10:41:48 [notice] 1#1: start worker processes
2025/06/25 10:41:48 [notice] 1#1: start worker process 29
2025/06/25 10:41:48 [notice] 1#1: start worker process 30
2025/06/25 10:41:48 [notice] 1#1: start worker process 31
2025/06/25 10:41:48 [notice] 1#1: start worker process 32
2025/06/25 10:41:48 [notice] 1#1: start worker process 33
2025/06/25 10:41:48 [notice] 1#1: start worker process 34
2025/06/25 10:41:48 [notice] 1#1: start worker process 35
2025/06/25 10:41:48 [notice] 1#1: start worker process 36
2025/06/25 10:42:39 [notice] 1#1: signal 3 (SIGQUIT) received, shutting down
2025/06/25 10:42:39 [notice] 29#29: gracefully shutting down
2025/06/25 10:42:39 [notice] 29#29: exiting
2025/06/25 10:42:39 [notice] 29#29: exit
2025/06/25 10:42:39 [notice] 32#32: gracefully shutting down
2025/06/25 10:42:39 [notice] 34#34: gracefully shutting down
2025/06/25 10:42:39 [notice] 34#34: exiting
2025/06/25 10:42:39 [notice] 30#30: gracefully shutting down
2025/06/25 10:42:39 [notice] 36#36: gracefully shutting down
2025/06/25 10:42:39 [notice] 30#30: exiting
2025/06/25 10:42:39 [notice] 31#31: gracefully shutting down
2025/06/25 10:42:39 [notice] 31#31: exiting
2025/06/25 10:42:39 [notice] 31#31: exit
2025/06/25 10:42:39 [notice] 30#30: exit
2025/06/25 10:42:39 [notice] 33#33: gracefully shutting down
2025/06/25 10:42:39 [notice] 32#32: exiting
2025/06/25 10:42:39 [notice] 33#33: exiting
2025/06/25 10:42:39 [notice] 35#35: gracefully shutting down
2025/06/25 10:42:39 [notice] 35#35: exiting
2025/06/25 10:42:39 [notice] 34#34: exit
2025/06/25 10:42:39 [notice] 35#35: exit
2025/06/25 10:42:39 [notice] 33#33: exit
2025/06/25 10:42:39 [notice] 36#36: exiting
2025/06/25 10:42:39 [notice] 32#32: exit
2025/06/25 10:42:39 [notice] 36#36: exit
2025/06/25 10:42:39 [notice] 1#1: signal 17 (SIGCHLD) received from 32
2025/06/25 10:42:39 [notice] 1#1: worker process 32 exited with code 0
2025/06/25 10:42:39 [notice] 1#1: worker process 30 exited with code 0
2025/06/25 10:42:39 [notice] 1#1: signal 29 (SIGIO) received
2025/06/25 10:42:39 [notice] 1#1: signal 17 (SIGCHLD) received from 30
2025/06/25 10:42:39 [notice] 1#1: signal 17 (SIGCHLD) received from 34
2025/06/25 10:42:39 [notice] 1#1: worker process 34 exited with code 0
2025/06/25 10:42:39 [notice] 1#1: signal 29 (SIGIO) received
2025/06/25 10:42:39 [notice] 1#1: signal 17 (SIGCHLD) received from 35
2025/06/25 10:42:39 [notice] 1#1: worker process 35 exited with code 0
2025/06/25 10:42:39 [notice] 1#1: signal 29 (SIGIO) received
2025/06/25 10:42:39 [notice] 1#1: signal 17 (SIGCHLD) received from 29
2025/06/25 10:42:39 [notice] 1#1: worker process 29 exited with code 0
2025/06/25 10:42:39 [notice] 1#1: signal 29 (SIGIO) received
2025/06/25 10:42:39 [notice] 1#1: signal 17 (SIGCHLD) received from 33
2025/06/25 10:42:39 [notice] 1#1: worker process 33 exited with code 0
2025/06/25 10:42:39 [notice] 1#1: signal 29 (SIGIO) received
2025/06/25 10:42:39 [notice] 1#1: signal 17 (SIGCHLD) received from 31
2025/06/25 10:42:39 [notice] 1#1: worker process 31 exited with code 0
2025/06/25 10:42:39 [notice] 1#1: signal 29 (SIGIO) received
2025/06/25 10:42:40 [notice] 1#1: signal 17 (SIGCHLD) received from 36
2025/06/25 10:42:40 [notice] 1#1: worker process 36 exited with code 0
2025/06/25 10:42:40 [notice] 1#1: exit
2025/06/25 10:42:52 [notice] 1#1: using the "epoll" event method
2025/06/25 10:42:52 [notice] 1#1: nginx/1.27.5
2025/06/25 10:42:52 [notice] 1#1: built by gcc 12.2.0 (Debian 12.2.0-14) 
2025/06/25 10:42:52 [notice] 1#1: OS: Linux 6.1.0-37-amd64
2025/06/25 10:42:52 [notice] 1#1: getrlimit(RLIMIT_NOFILE): 1048576:1048576
2025/06/25 10:42:52 [notice] 1#1: start worker processes
2025/06/25 10:42:52 [notice] 1#1: start worker process 29
2025/06/25 10:42:52 [notice] 1#1: start worker process 30
2025/06/25 10:42:52 [notice] 1#1: start worker process 31
2025/06/25 10:42:52 [notice] 1#1: start worker process 32
2025/06/25 10:42:52 [notice] 1#1: start worker process 33
2025/06/25 10:42:52 [notice] 1#1: start worker process 34
2025/06/25 10:42:52 [notice] 1#1: start worker process 35
2025/06/25 10:42:52 [notice] 1#1: start worker process 36
2025/06/25 11:00:58 [notice] 1#1: signal 3 (SIGQUIT) received, shutting down
2025/06/25 11:00:58 [notice] 32#32: gracefully shutting down
2025/06/25 11:00:58 [notice] 33#33: gracefully shutting down
2025/06/25 11:00:58 [notice] 32#32: exiting
2025/06/25 11:00:58 [notice] 31#31: gracefully shutting down
2025/06/25 11:00:58 [notice] 33#33: exiting
2025/06/25 11:00:58 [notice] 35#35: gracefully shutting down
2025/06/25 11:00:58 [notice] 31#31: exiting
2025/06/25 11:00:58 [notice] 33#33: exit
2025/06/25 11:00:58 [notice] 34#34: gracefully shutting down
2025/06/25 11:00:58 [notice] 35#35: exiting
2025/06/25 11:00:58 [notice] 34#34: exiting
2025/06/25 11:00:58 [notice] 31#31: exit
2025/06/25 11:00:58 [notice] 35#35: exit
2025/06/25 11:00:58 [notice] 32#32: exit
2025/06/25 11:00:58 [notice] 34#34: exit
2025/06/25 11:00:58 [notice] 29#29: gracefully shutting down
2025/06/25 11:00:58 [notice] 29#29: exiting
2025/06/25 11:00:58 [notice] 29#29: exit
2025/06/25 11:00:58 [notice] 36#36: gracefully shutting down
2025/06/25 11:00:58 [notice] 30#30: gracefully shutting down
2025/06/25 11:00:58 [notice] 30#30: exiting
2025/06/25 11:00:58 [notice] 30#30: exit
2025/06/25 11:00:58 [notice] 36#36: exiting
2025/06/25 11:00:58 [notice] 36#36: exit
2025/06/25 11:00:58 [notice] 1#1: signal 17 (SIGCHLD) received from 31
2025/06/25 11:00:58 [notice] 1#1: worker process 31 exited with code 0
2025/06/25 11:00:58 [notice] 1#1: signal 29 (SIGIO) received
2025/06/25 11:00:58 [notice] 1#1: signal 17 (SIGCHLD) received from 29
2025/06/25 11:00:58 [notice] 1#1: worker process 29 exited with code 0
2025/06/25 11:00:58 [notice] 1#1: worker process 30 exited with code 0
2025/06/25 11:00:58 [notice] 1#1: signal 29 (SIGIO) received
2025/06/25 11:00:58 [notice] 1#1: signal 17 (SIGCHLD) received from 33
2025/06/25 11:00:58 [notice] 1#1: worker process 33 exited with code 0
2025/06/25 11:00:58 [notice] 1#1: signal 29 (SIGIO) received
2025/06/25 11:00:58 [notice] 1#1: signal 17 (SIGCHLD) received from 32
2025/06/25 11:00:58 [notice] 1#1: worker process 32 exited with code 0
2025/06/25 11:00:58 [notice] 1#1: worker process 35 exited with code 0
2025/06/25 11:00:58 [notice] 1#1: worker process 36 exited with code 0
2025/06/25 11:00:58 [notice] 1#1: signal 29 (SIGIO) received
2025/06/25 11:00:58 [notice] 1#1: signal 17 (SIGCHLD) received from 36
2025/06/25 11:00:58 [notice] 1#1: signal 17 (SIGCHLD) received from 34
2025/06/25 11:00:58 [notice] 1#1: worker process 34 exited with code 0
2025/06/25 11:00:58 [notice] 1#1: exit
2025/06/25 11:01:11 [notice] 1#1: using the "epoll" event method
2025/06/25 11:01:11 [notice] 1#1: nginx/1.27.5
2025/06/25 11:01:11 [notice] 1#1: built by gcc 12.2.0 (Debian 12.2.0-14) 
2025/06/25 11:01:11 [notice] 1#1: OS: Linux 6.1.0-37-amd64
2025/06/25 11:01:11 [notice] 1#1: getrlimit(RLIMIT_NOFILE): 1048576:1048576
2025/06/25 11:01:11 [notice] 1#1: start worker processes
2025/06/25 11:01:11 [notice] 1#1: start worker process 29
2025/06/25 11:01:11 [notice] 1#1: start worker process 30
2025/06/25 11:01:11 [notice] 1#1: start worker process 31
2025/06/25 11:01:11 [notice] 1#1: start worker process 32
2025/06/25 11:01:11 [notice] 1#1: start worker process 33
2025/06/25 11:01:11 [notice] 1#1: start worker process 34
2025/06/25 11:01:11 [notice] 1#1: start worker process 35
2025/06/25 11:01:11 [notice] 1#1: start worker process 36
2025/06/25 11:08:14 [notice] 1#1: signal 3 (SIGQUIT) received, shutting down
2025/06/25 11:08:14 [notice] 29#29: gracefully shutting down
2025/06/25 11:08:14 [notice] 29#29: exiting
2025/06/25 11:08:14 [notice] 33#33: gracefully shutting down
2025/06/25 11:08:14 [notice] 30#30: gracefully shutting down
2025/06/25 11:08:14 [notice] 33#33: exiting
2025/06/25 11:08:14 [notice] 35#35: gracefully shutting down
2025/06/25 11:08:14 [notice] 30#30: exiting
2025/06/25 11:08:14 [notice] 35#35: exiting
2025/06/25 11:08:14 [notice] 29#29: exit
2025/06/25 11:08:14 [notice] 33#33: exit
2025/06/25 11:08:14 [notice] 30#30: exit
2025/06/25 11:08:14 [notice] 35#35: exit
2025/06/25 11:08:14 [notice] 32#32: gracefully shutting down
2025/06/25 11:08:14 [notice] 36#36: gracefully shutting down
2025/06/25 11:08:14 [notice] 32#32: exiting
2025/06/25 11:08:14 [notice] 34#34: gracefully shutting down
2025/06/25 11:08:14 [notice] 34#34: exiting
2025/06/25 11:08:14 [notice] 36#36: exiting
2025/06/25 11:08:14 [notice] 32#32: exit
2025/06/25 11:08:14 [notice] 34#34: exit
2025/06/25 11:08:14 [notice] 36#36: exit
2025/06/25 11:08:14 [notice] 31#31: gracefully shutting down
2025/06/25 11:08:14 [notice] 31#31: exiting
2025/06/25 11:08:14 [notice] 31#31: exit
2025/06/25 11:08:14 [notice] 1#1: signal 17 (SIGCHLD) received from 36
2025/06/25 11:08:14 [notice] 1#1: worker process 36 exited with code 0
2025/06/25 11:08:14 [notice] 1#1: signal 29 (SIGIO) received
2025/06/25 11:08:14 [notice] 1#1: signal 17 (SIGCHLD) received from 29
2025/06/25 11:08:14 [notice] 1#1: worker process 29 exited with code 0
2025/06/25 11:08:14 [notice] 1#1: worker process 32 exited with code 0
2025/06/25 11:08:14 [notice] 1#1: worker process 34 exited with code 0
2025/06/25 11:08:14 [notice] 1#1: worker process 35 exited with code 0
2025/06/25 11:08:14 [notice] 1#1: signal 29 (SIGIO) received
2025/06/25 11:08:14 [notice] 1#1: signal 17 (SIGCHLD) received from 35
2025/06/25 11:08:14 [notice] 1#1: worker process 30 exited with code 0
2025/06/25 11:08:14 [notice] 1#1: worker process 31 exited with code 0
2025/06/25 11:08:14 [notice] 1#1: worker process 33 exited with code 0
2025/06/25 11:08:14 [notice] 1#1: exit
2025/06/25 11:08:26 [notice] 1#1: using the "epoll" event method
2025/06/25 11:08:26 [notice] 1#1: nginx/1.27.5
2025/06/25 11:08:26 [notice] 1#1: built by gcc 12.2.0 (Debian 12.2.0-14) 
2025/06/25 11:08:26 [notice] 1#1: OS: Linux 6.1.0-37-amd64
2025/06/25 11:08:26 [notice] 1#1: getrlimit(RLIMIT_NOFILE): 1048576:1048576
2025/06/25 11:08:26 [notice] 1#1: start worker processes
2025/06/25 11:08:26 [notice] 1#1: start worker process 29
2025/06/25 11:08:26 [notice] 1#1: start worker process 30
2025/06/25 11:08:26 [notice] 1#1: start worker process 31
2025/06/25 11:08:26 [notice] 1#1: start worker process 32
2025/06/25 11:08:26 [notice] 1#1: start worker process 33
2025/06/25 11:08:26 [notice] 1#1: start worker process 34
2025/06/25 11:08:26 [notice] 1#1: start worker process 35
2025/06/25 11:08:26 [notice] 1#1: start worker process 36
2025/06/25 11:22:18 [notice] 1#1: signal 3 (SIGQUIT) received, shutting down
2025/06/25 11:22:18 [notice] 31#31: gracefully shutting down
2025/06/25 11:22:18 [notice] 31#31: exiting
2025/06/25 11:22:18 [notice] 29#29: gracefully shutting down
2025/06/25 11:22:18 [notice] 32#32: gracefully shutting down
2025/06/25 11:22:18 [notice] 29#29: exiting
2025/06/25 11:22:18 [notice] 32#32: exiting
2025/06/25 11:22:18 [notice] 31#31: exit
2025/06/25 11:22:18 [notice] 29#29: exit
2025/06/25 11:22:18 [notice] 32#32: exit
2025/06/25 11:22:18 [notice] 35#35: gracefully shutting down
2025/06/25 11:22:18 [notice] 35#35: exiting
2025/06/25 11:22:18 [notice] 35#35: exit
2025/06/25 11:22:18 [notice] 30#30: gracefully shutting down
2025/06/25 11:22:18 [notice] 30#30: exiting
2025/06/25 11:22:18 [notice] 33#33: gracefully shutting down
2025/06/25 11:22:18 [notice] 30#30: exit
2025/06/25 11:22:18 [notice] 33#33: exiting
2025/06/25 11:22:18 [notice] 33#33: exit
2025/06/25 11:22:18 [notice] 36#36: gracefully shutting down
2025/06/25 11:22:18 [notice] 36#36: exiting
2025/06/25 11:22:18 [notice] 36#36: exit
2025/06/25 11:22:18 [notice] 34#34: gracefully shutting down
2025/06/25 11:22:18 [notice] 34#34: exiting
2025/06/25 11:22:18 [notice] 34#34: exit
2025/06/25 11:22:19 [notice] 1#1: signal 17 (SIGCHLD) received from 30
2025/06/25 11:22:19 [notice] 1#1: worker process 30 exited with code 0
2025/06/25 11:22:19 [notice] 1#1: worker process 31 exited with code 0
2025/06/25 11:22:19 [notice] 1#1: worker process 33 exited with code 0
2025/06/25 11:22:19 [notice] 1#1: signal 29 (SIGIO) received
2025/06/25 11:22:19 [notice] 1#1: signal 17 (SIGCHLD) received from 34
2025/06/25 11:22:19 [notice] 1#1: worker process 34 exited with code 0
2025/06/25 11:22:19 [notice] 1#1: signal 29 (SIGIO) received
2025/06/25 11:22:19 [notice] 1#1: signal 17 (SIGCHLD) received from 35
2025/06/25 11:22:19 [notice] 1#1: worker process 29 exited with code 0
2025/06/25 11:22:19 [notice] 1#1: worker process 35 exited with code 0
2025/06/25 11:22:19 [notice] 1#1: signal 29 (SIGIO) received
2025/06/25 11:22:19 [notice] 1#1: signal 17 (SIGCHLD) received from 29
2025/06/25 11:22:19 [notice] 1#1: signal 17 (SIGCHLD) received from 36
2025/06/25 11:22:19 [notice] 1#1: worker process 36 exited with code 0
2025/06/25 11:22:19 [notice] 1#1: worker process 32 exited with code 0
2025/06/25 11:22:19 [notice] 1#1: exit
2025/06/25 11:30:54 [notice] 1#1: using the "epoll" event method
2025/06/25 11:30:54 [notice] 1#1: nginx/1.27.5
2025/06/25 11:30:54 [notice] 1#1: built by gcc 12.2.0 (Debian 12.2.0-14) 
2025/06/25 11:30:54 [notice] 1#1: OS: Linux 6.1.0-37-amd64
2025/06/25 11:30:54 [notice] 1#1: getrlimit(RLIMIT_NOFILE): 1048576:1048576
2025/06/25 11:30:54 [notice] 1#1: start worker processes
2025/06/25 11:30:54 [notice] 1#1: start worker process 29
2025/06/25 11:30:54 [notice] 1#1: start worker process 30
2025/06/25 11:30:54 [notice] 1#1: start worker process 31
2025/06/25 11:30:54 [notice] 1#1: start worker process 32
2025/06/25 11:30:54 [notice] 1#1: start worker process 33
2025/06/25 11:30:54 [notice] 1#1: start worker process 34
2025/06/25 11:30:54 [notice] 1#1: start worker process 35
2025/06/25 11:30:54 [notice] 1#1: start worker process 36
2025/06/25 11:32:03 [notice] 1#1: signal 3 (SIGQUIT) received, shutting down
2025/06/25 11:32:03 [notice] 29#29: gracefully shutting down
2025/06/25 11:32:03 [notice] 31#31: gracefully shutting down
2025/06/25 11:32:03 [notice] 29#29: exiting
2025/06/25 11:32:03 [notice] 31#31: exiting
2025/06/25 11:32:03 [notice] 29#29: exit
2025/06/25 11:32:03 [notice] 31#31: exit
2025/06/25 11:32:03 [notice] 30#30: gracefully shutting down
2025/06/25 11:32:03 [notice] 30#30: exiting
2025/06/25 11:32:03 [notice] 30#30: exit
2025/06/25 11:32:03 [notice] 32#32: gracefully shutting down
2025/06/25 11:32:03 [notice] 34#34: gracefully shutting down
2025/06/25 11:32:03 [notice] 32#32: exiting
2025/06/25 11:32:03 [notice] 34#34: exiting
2025/06/25 11:32:03 [notice] 32#32: exit
2025/06/25 11:32:03 [notice] 34#34: exit
2025/06/25 11:32:03 [notice] 33#33: gracefully shutting down
2025/06/25 11:32:03 [notice] 35#35: gracefully shutting down
2025/06/25 11:32:03 [notice] 33#33: exiting
2025/06/25 11:32:03 [notice] 35#35: exiting
2025/06/25 11:32:03 [notice] 33#33: exit
2025/06/25 11:32:03 [notice] 35#35: exit
2025/06/25 11:32:03 [notice] 36#36: gracefully shutting down
2025/06/25 11:32:03 [notice] 36#36: exiting
2025/06/25 11:32:03 [notice] 36#36: exit
2025/06/25 11:32:03 [notice] 1#1: signal 17 (SIGCHLD) received from 36
2025/06/25 11:32:03 [notice] 1#1: worker process 29 exited with code 0
2025/06/25 11:32:03 [notice] 1#1: worker process 31 exited with code 0
2025/06/25 11:32:03 [notice] 1#1: worker process 36 exited with code 0
2025/06/25 11:32:03 [notice] 1#1: signal 29 (SIGIO) received
2025/06/25 11:32:03 [notice] 1#1: signal 17 (SIGCHLD) received from 34
2025/06/25 11:32:03 [notice] 1#1: worker process 34 exited with code 0
2025/06/25 11:32:03 [notice] 1#1: worker process 35 exited with code 0
2025/06/25 11:32:03 [notice] 1#1: signal 29 (SIGIO) received
2025/06/25 11:32:03 [notice] 1#1: signal 17 (SIGCHLD) received from 32
2025/06/25 11:32:03 [notice] 1#1: worker process 30 exited with code 0
2025/06/25 11:32:03 [notice] 1#1: worker process 32 exited with code 0
2025/06/25 11:32:03 [notice] 1#1: worker process 33 exited with code 0
2025/06/25 11:32:03 [notice] 1#1: exit
2025/06/25 11:32:26 [notice] 1#1: using the "epoll" event method
2025/06/25 11:32:26 [notice] 1#1: nginx/1.27.5
2025/06/25 11:32:26 [notice] 1#1: built by gcc 12.2.0 (Debian 12.2.0-14) 
2025/06/25 11:32:26 [notice] 1#1: OS: Linux 6.1.0-37-amd64
2025/06/25 11:32:26 [notice] 1#1: getrlimit(RLIMIT_NOFILE): 1048576:1048576
2025/06/25 11:32:26 [notice] 1#1: start worker processes
2025/06/25 11:32:26 [notice] 1#1: start worker process 29
2025/06/25 11:32:26 [notice] 1#1: start worker process 30
2025/06/25 11:32:26 [notice] 1#1: start worker process 31
2025/06/25 11:32:26 [notice] 1#1: start worker process 32
2025/06/25 11:32:26 [notice] 1#1: start worker process 33
2025/06/25 11:32:26 [notice] 1#1: start worker process 34
2025/06/25 11:32:26 [notice] 1#1: start worker process 35
2025/06/25 11:32:26 [notice] 1#1: start worker process 36
2025/06/25 11:35:02 [notice] 1#1: signal 3 (SIGQUIT) received, shutting down
2025/06/25 11:35:02 [notice] 30#30: gracefully shutting down
2025/06/25 11:35:02 [notice] 33#33: gracefully shutting down
2025/06/25 11:35:02 [notice] 33#33: exiting
2025/06/25 11:35:02 [notice] 32#32: gracefully shutting down
2025/06/25 11:35:02 [notice] 34#34: gracefully shutting down
2025/06/25 11:35:02 [notice] 35#35: gracefully shutting down
2025/06/25 11:35:02 [notice] 31#31: gracefully shutting down
2025/06/25 11:35:02 [notice] 33#33: exit
2025/06/25 11:35:02 [notice] 32#32: exiting
2025/06/25 11:35:02 [notice] 36#36: gracefully shutting down
2025/06/25 11:35:02 [notice] 35#35: exiting
2025/06/25 11:35:02 [notice] 31#31: exiting
2025/06/25 11:35:02 [notice] 36#36: exiting
2025/06/25 11:35:02 [notice] 32#32: exit
2025/06/25 11:35:02 [notice] 35#35: exit
2025/06/25 11:35:02 [notice] 31#31: exit
2025/06/25 11:35:02 [notice] 36#36: exit
2025/06/25 11:35:02 [notice] 30#30: exiting
2025/06/25 11:35:02 [notice] 30#30: exit
2025/06/25 11:35:02 [notice] 34#34: exiting
2025/06/25 11:35:02 [notice] 29#29: gracefully shutting down
2025/06/25 11:35:02 [notice] 34#34: exit
2025/06/25 11:35:02 [notice] 29#29: exiting
2025/06/25 11:35:02 [notice] 29#29: exit
2025/06/25 11:35:02 [notice] 1#1: signal 17 (SIGCHLD) received from 30
2025/06/25 11:35:02 [notice] 1#1: worker process 30 exited with code 0
2025/06/25 11:35:02 [notice] 1#1: signal 29 (SIGIO) received
2025/06/25 11:35:02 [notice] 1#1: signal 17 (SIGCHLD) received from 33
2025/06/25 11:35:02 [notice] 1#1: worker process 33 exited with code 0
2025/06/25 11:35:02 [notice] 1#1: signal 29 (SIGIO) received
2025/06/25 11:35:02 [notice] 1#1: signal 17 (SIGCHLD) received from 36
2025/06/25 11:35:02 [notice] 1#1: worker process 36 exited with code 0
2025/06/25 11:35:02 [notice] 1#1: worker process 35 exited with code 0
2025/06/25 11:35:02 [notice] 1#1: signal 29 (SIGIO) received
2025/06/25 11:35:02 [notice] 1#1: signal 17 (SIGCHLD) received from 35
2025/06/25 11:35:02 [notice] 1#1: worker process 29 exited with code 0
2025/06/25 11:35:02 [notice] 1#1: worker process 31 exited with code 0
2025/06/25 11:35:02 [notice] 1#1: signal 29 (SIGIO) received
2025/06/25 11:35:02 [notice] 1#1: signal 17 (SIGCHLD) received from 34
2025/06/25 11:35:02 [notice] 1#1: worker process 34 exited with code 0
2025/06/25 11:35:02 [notice] 1#1: signal 17 (SIGCHLD) received from 32
2025/06/25 11:35:02 [notice] 1#1: worker process 32 exited with code 0
2025/06/25 11:35:02 [notice] 1#1: exit
2025/06/25 11:35:17 [notice] 1#1: using the "epoll" event method
2025/06/25 11:35:17 [notice] 1#1: nginx/1.27.5
2025/06/25 11:35:17 [notice] 1#1: built by gcc 12.2.0 (Debian 12.2.0-14) 
2025/06/25 11:35:17 [notice] 1#1: OS: Linux 6.1.0-37-amd64
2025/06/25 11:35:17 [notice] 1#1: getrlimit(RLIMIT_NOFILE): 1048576:1048576
2025/06/25 11:35:17 [notice] 1#1: start worker processes
2025/06/25 11:35:17 [notice] 1#1: start worker process 29
2025/06/25 11:35:17 [notice] 1#1: start worker process 30
2025/06/25 11:35:17 [notice] 1#1: start worker process 31
2025/06/25 11:35:17 [notice] 1#1: start worker process 32
2025/06/25 11:35:17 [notice] 1#1: start worker process 33
2025/06/25 11:35:17 [notice] 1#1: start worker process 34
2025/06/25 11:35:17 [notice] 1#1: start worker process 35
2025/06/25 11:35:17 [notice] 1#1: start worker process 36
2025/06/25 11:41:35 [notice] 1#1: signal 3 (SIGQUIT) received, shutting down
2025/06/25 11:41:35 [notice] 29#29: gracefully shutting down
2025/06/25 11:41:35 [notice] 33#33: gracefully shutting down
2025/06/25 11:41:35 [notice] 29#29: exiting
2025/06/25 11:41:35 [notice] 33#33: exiting
2025/06/25 11:41:35 [notice] 34#34: gracefully shutting down
2025/06/25 11:41:35 [notice] 35#35: gracefully shutting down
2025/06/25 11:41:35 [notice] 32#32: gracefully shutting down
2025/06/25 11:41:35 [notice] 34#34: exiting
2025/06/25 11:41:35 [notice] 35#35: exiting
2025/06/25 11:41:35 [notice] 33#33: exit
2025/06/25 11:41:35 [notice] 32#32: exiting
2025/06/25 11:41:35 [notice] 29#29: exit
2025/06/25 11:41:35 [notice] 35#35: exit
2025/06/25 11:41:35 [notice] 34#34: exit
2025/06/25 11:41:35 [notice] 32#32: exit
2025/06/25 11:41:35 [notice] 30#30: gracefully shutting down
2025/06/25 11:41:35 [notice] 30#30: exiting
2025/06/25 11:41:35 [notice] 31#31: gracefully shutting down
2025/06/25 11:41:35 [notice] 31#31: exiting
2025/06/25 11:41:35 [notice] 30#30: exit
2025/06/25 11:41:35 [notice] 31#31: exit
2025/06/25 11:41:35 [notice] 36#36: gracefully shutting down
2025/06/25 11:41:35 [notice] 36#36: exiting
2025/06/25 11:41:35 [notice] 36#36: exit
2025/06/25 11:41:35 [notice] 1#1: signal 17 (SIGCHLD) received from 35
2025/06/25 11:41:35 [notice] 1#1: worker process 35 exited with code 0
2025/06/25 11:41:35 [notice] 1#1: signal 29 (SIGIO) received
2025/06/25 11:41:35 [notice] 1#1: signal 17 (SIGCHLD) received from 36
2025/06/25 11:41:35 [notice] 1#1: worker process 36 exited with code 0
2025/06/25 11:41:35 [notice] 1#1: signal 29 (SIGIO) received
2025/06/25 11:41:35 [notice] 1#1: signal 17 (SIGCHLD) received from 34
2025/06/25 11:41:35 [notice] 1#1: worker process 29 exited with code 0
2025/06/25 11:41:35 [notice] 1#1: worker process 33 exited with code 0
2025/06/25 11:41:35 [notice] 1#1: worker process 34 exited with code 0
2025/06/25 11:41:35 [notice] 1#1: signal 29 (SIGIO) received
2025/06/25 11:41:35 [notice] 1#1: signal 17 (SIGCHLD) received from 30
2025/06/25 11:41:35 [notice] 1#1: worker process 30 exited with code 0
2025/06/25 11:41:35 [notice] 1#1: signal 29 (SIGIO) received
2025/06/25 11:41:35 [notice] 1#1: signal 17 (SIGCHLD) received from 31
2025/06/25 11:41:35 [notice] 1#1: worker process 31 exited with code 0
2025/06/25 11:41:35 [notice] 1#1: signal 29 (SIGIO) received
2025/06/25 11:41:35 [notice] 1#1: signal 17 (SIGCHLD) received from 32
2025/06/25 11:41:35 [notice] 1#1: worker process 32 exited with code 0
2025/06/25 11:41:35 [notice] 1#1: exit
